<?xml version='1.0' encoding='UTF-8'?>
<testsuite hostname="C02Y24D6JHD2" name="com.example.quickstart.HelloWorldSpec" tests="2" errors="0" failures="0" skipped="0" time="0.689" timestamp="2021-06-01T10:22:17">
                     <properties>
[...]
</properties>
                     <testcase classname="com.example.quickstart.HelloWorldSpec" name="HelloWorld returns status code 200" time="0.594">
                                                 
                                               </testcase><testcase classname="com.example.quickstart.HelloWorldSpec" name="HelloWorld returns hello world message" time="0.095">
                                                 
                                               </testcase>
                     <system-out><![CDATA[]]></system-out>
                     <system-err><![CDATA[]]></system-err>
                   </testsuite>